23231.*        standard error 
23231.*        | standard error
23231.*        standard output
23231.*        | standard output
23231.*        standard error 
23231.*        | standard error
23231.*        standard output
23231.*        | standard output
23231.*        standard error 
23231.*        | standard error
23231.*        standard output
23231.*        | standard output
23231.*        standard error 
23231.*        | standard error
23231.*        standard output
23231.*        | standard output
23231.*        standard error 
23231.*        | standard error
23231.*        standard output
23231.*        | standard output
23231.*        standard error 
23231.*        | standard error
23231.*        host=b.rightcore.com
23231.*        standard output
23231.*        | standard output
23231.*        standard error 
23231.*        | standard error
23231.*        standard output
23231.*        | standard output
23231.*        standard error 
23231.*        | standard error
23231.*        standard output
23231.*        | standard output
23231.*        standard error 
23231.*        | standard error
23231.*        standard output
23231.*        | standard output
23231.*        standard error 
23231.*        | standard error
23231.*        standard output
23231.*        | standard output
23231.*        standard error 
23231.*        | standard error
23231.*        standard output
23231.*        | standard output
23231.*        standard error 
23231.*        | standard error
*              
*              
*              990617_1542:51 Remote Mailer Daemon (RMAILERD) started
*              rmailerd.x     0/SYSV
23769.*        os=SYSV pid=23769
23769.*        rca!dam (David A. Morano)
23769.*        host=rcb.rightcore.com
23769.*        standard output
23769.*        | standard output
23769.*        standard error 
23769.*        | standard error
23769.*        standard output
23769.*        | standard output
23769.*        standard error 
23769.*        | standard error
23769.*        standard output
23769.*        | standard output
23769.*        standard error 
23769.*        | standard error
23769.*        standard output
23769.*        | standard output
23769.*        standard error 
23769.*        | standard error
23769.*        standard output
23769.*        | standard output
23769.*        standard error 
23769.*        | standard error
23769.*        standard output
23769.*        | standard output
23769.*        standard error 
23769.*        | standard error
23769.*        host=b.rightcore.com
23769.*        standard output
23769.*        | standard output
23769.*        standard error 
23769.*        | standard error
23769.*        standard output
23769.*        | standard output
23769.*        standard error 
23769.*        | standard error
23769.*        standard output
23769.*        | standard output
23769.*        standard error 
23769.*        | standard error
23769.*        standard output
23769.*        | standard output
23769.*        standard error 
23769.*        | standard error
23769.*        standard output
23769.*        | standard output
23769.*        standard error 
23769.*        | standard error
23769.*        standard output
23769.*        | standard output
23769.*        standard error 
23769.*        | standard error
*              
*              
*              990617_1552:29 Remote Mailer Daemon (RMAILERD) started
*              rmailerd.x     0/SYSV
24025.*        os=SYSV pid=24025
24025.*        rca!dam (David A. Morano)
24025.*        host=rcb.rightcore.com
24025.*        standard output
24025.*        | standard output
24025.*        standard error 
24025.*        | standard error
24025.*        standard output
24025.*        | standard output
24025.*        standard error 
24025.*        | standard error
24025.*        standard output
24025.*        | standard output
24025.*        standard error 
24025.*        | standard error
24025.*        standard output
24025.*        | standard output
24025.*        standard error 
24025.*        | standard error
24025.*        standard output
24025.*        | standard output
24025.*        standard error 
24025.*        | standard error
24025.*        standard output
24025.*        | standard output
24025.*        standard error 
24025.*        | standard error
24025.*        host=b.rightcore.com
24025.*        standard output
24025.*        | standard output
24025.*        standard error 
24025.*        | standard error
24025.*        standard output
24025.*        | standard output
24025.*        standard error 
24025.*        | standard error
24025.*        standard output
24025.*        | standard output
24025.*        standard error 
24025.*        | standard error
24025.*        standard output
24025.*        | standard output
24025.*        standard error 
24025.*        | standard error
24025.*        standard output
24025.*        | standard output
24025.*        standard error 
24025.*        | standard error
24025.*        standard output
24025.*        | standard output
24025.*        standard error 
24025.*        | standard error
*              
*              
*              990617_1601:08 Remote Mailer Daemon (RMAILERD) started
*              rmailerd.x     0/SYSV
24298.*        os=SYSV pid=24298
24298.*        rca!dam (David A. Morano)
24298.*        host=rcb.rightcore.com
24298.*        standard output
24298.*        | standard output
24298.*        standard error 
24298.*        | standard error
24298.*        standard output
24298.*        | standard output
24298.*        standard error 
24298.*        | standard error
24298.*        standard output
24298.*        | standard output
24298.*        standard error 
24298.*        | standard error
24298.*        standard output
24298.*        | standard output
24298.*        standard error 
24298.*        | standard error
24298.*        standard output
24298.*        | standard output
24298.*        standard error 
24298.*        | standard error
24298.*        standard output
24298.*        | standard output
24298.*        standard error 
24298.*        | standard error
24298.*        host=b.rightcore.com
24298.*        standard output
24298.*        | standard output
24298.*        standard error 
24298.*        | standard error
24298.*        standard output
24298.*        | standard output
24298.*        standard error 
24298.*        | standard error
24298.*        standard output
24298.*        | standard output
24298.*        standard error 
24298.*        | standard error
24298.*        standard output
24298.*        | standard output
24298.*        standard error 
24298.*        | standard error
24298.*        standard output
24298.*        | standard output
24298.*        standard error 
24298.*        | standard error
24298.*        standard output
24298.*        | standard output
24298.*        standard error 
24298.*        | standard error
*              
*              
*              990617_1605:20 Remote Mailer Daemon (RMAILERD) started
*              rmailerd.x     0/SYSV
24494.*        os=SYSV pid=24494
24494.*        rca!dam (David A. Morano)
24494.*        host=rcb.rightcore.com
24494.*        standard output
24494.*        | standard output
24494.*        standard error 
24494.*        | standard error
24494.*        standard output
24494.*        | standard output
24494.*        standard error 
24494.*        | standard error
24494.*        standard output
24494.*        | standard output
24494.*        standard error 
24494.*        | standard error
24494.*        standard output
24494.*        | standard output
24494.*        standard error 
24494.*        | standard error
24494.*        standard output
24494.*        | standard output
24494.*        standard error 
24494.*        | standard error
24494.*        standard output
24494.*        | standard output
24494.*        standard error 
24494.*        | standard error
24494.*        standard output
24494.*        | standard output
24494.*        standard error 
24494.*        | standard error
24494.*        standard output
24494.*        | standard output
24494.*        standard error 
24494.*        | standard error
24494.*        standard output
24494.*        | standard output
24494.*        standard error 
24494.*        | standard error
24494.*        standard output
24494.*        | standard output
24494.*        standard error 
24494.*        | standard error
24494.*        standard output
24494.*        | standard output
24494.*        standard error 
24494.*        | standard error
24494.*        standard output
24494.*        | standard output
24494.*        standard error 
24494.*        | standard error
*              
*              
*              990617_1605:26 Remote Mailer Daemon (RMAILERD) started
*              rmailerd.x     0/SYSV
24657.*        os=SYSV pid=24657
24657.*        rca!dam (David A. Morano)
24657.*        host=rcb.rightcore.com
24657.*        standard output
24657.*        | standard output
24657.*        standard error 
24657.*        | standard error
24657.*        standard output
24657.*        | standard output
24657.*        standard error 
24657.*        | standard error
24657.*        standard output
24657.*        | standard output
24657.*        standard error 
24657.*        | standard error
24657.*        standard output
24657.*        | standard output
24657.*        standard error 
24657.*        | standard error
24657.*        standard output
24657.*        | standard output
24657.*        standard error 
24657.*        | standard error
24657.*        standard output
24657.*        | standard output
24657.*        standard error 
24657.*        | standard error
24657.*        standard output
24657.*        | standard output
24657.*        standard error 
24657.*        | standard error
24657.*        standard output
24657.*        | standard output
24657.*        standard error 
24657.*        | standard error
24657.*        standard output
24657.*        | standard output
24657.*        standard error 
24657.*        | standard error
24657.*        standard output
24657.*        | standard output
24657.*        standard error 
24657.*        | standard error
24657.*        standard output
24657.*        | standard output
24657.*        standard error 
24657.*        | standard error
24657.*        standard output
24657.*        | standard output
24657.*        standard error 
24657.*        | standard error
*              
*              
*              990617_1606:25 Remote Mailer Daemon (RMAILERD) started
*              rmailerd.x     0/SYSV
24832.*        os=SYSV pid=24832
24832.*        rca!dam (David A. Morano)
24832.*        host=rcb.rightcore.com
24832.*        standard output
24832.*        | standard output
24832.*        standard error 
24832.*        | standard error
24832.*        standard output
24832.*        | standard output
24832.*        standard error 
24832.*        | standard error
24832.*        standard output
24832.*        | standard output
24832.*        standard error 
24832.*        | standard error
24832.*        standard output
24832.*        | standard output
24832.*        standard error 
24832.*        | standard error
24832.*        standard output
24832.*        | standard output
24832.*        standard error 
24832.*        | standard error
24832.*        standard output
24832.*        | standard output
24832.*        standard error 
24832.*        | standard error
24832.*        standard output
24832.*        | standard output
24832.*        standard error 
24832.*        | standard error
24832.*        standard output
24832.*        | standard output
24832.*        standard error 
24832.*        | standard error
24832.*        standard output
24832.*        | standard output
24832.*        standard error 
24832.*        | standard error
24832.*        standard output
24832.*        | standard output
24832.*        standard error 
24832.*        | standard error
24832.*        standard output
24832.*        | standard output
24832.*        standard error 
24832.*        | standard error
24832.*        standard output
24832.*        | standard output
24832.*        standard error 
24832.*        | standard error
*              
*              
*              990617_1612:59 Remote Mailer Daemon (RMAILERD) started
*              rmailerd.x     0/SYSV
25283.*        os=SYSV pid=25283
25283.*        rca!dam (David A. Morano)
25283.*        host=rcb.rightcore.com
25283.*        standard output
25283.*        | standard output
25283.*        standard error 
25283.*        | standard error
25283.*        standard output
25283.*        | standard output
25283.*        standard error 
25283.*        | standard error
25283.*        standard output
25283.*        | standard output
25283.*        standard error 
25283.*        | standard error
25283.*        standard output
25283.*        | standard output
25283.*        standard error 
25283.*        | standard error
25283.*        standard output
25283.*        | standard output
25283.*        standard error 
25283.*        | standard error
25283.*        standard output
25283.*        | standard output
25283.*        standard error 
25283.*        | standard error
25283.*        standard output
25283.*        | standard output
25283.*        standard error 
25283.*        | standard error
25283.*        standard output
25283.*        | standard output
25283.*        standard error 
25283.*        | standard error
25283.*        standard output
25283.*        | standard output
25283.*        standard error 
25283.*        | standard error
25283.*        standard output
25283.*        | standard output
25283.*        standard error 
25283.*        | standard error
25283.*        standard output
25283.*        | standard output
25283.*        standard error 
25283.*        | standard error
25283.*        standard output
25283.*        | standard output
25283.*        standard error 
25283.*        | standard error
*              
*              
*              990617_1622:38 Remote Mailer Daemon (RMAILERD) started
*              rmailerd.x     0/SYSV
25626.*        os=SYSV pid=25626
25626.*        rca!dam (David A. Morano)
25626.*        host=rcb.rightcore.com
25626.*        standard output
25626.*        | standard output
25626.*        standard error 
25626.*        | standard error
25626.*        standard output
25626.*        | standard output
25626.*        standard error 
25626.*        | standard error
25626.*        standard output
25626.*        | standard output
25626.*        standard error 
25626.*        | standard error
25626.*        standard output
25626.*        | standard output
25626.*        standard error 
25626.*        | standard error
25626.*        standard output
25626.*        | standard output
25626.*        standard error 
25626.*        | standard error
25626.*        standard output
25626.*        | standard output
25626.*        standard error 
25626.*        | standard error
25626.*        standard output
25626.*        | standard output
25626.*        standard error 
25626.*        | standard error
25626.*        standard output
25626.*        | standard output
25626.*        standard error 
25626.*        | standard error
25626.*        standard output
25626.*        | standard output
25626.*        standard error 
25626.*        | standard error
25626.*        standard output
25626.*        | standard output
25626.*        standard error 
25626.*        | standard error
25626.*        standard output
25626.*        | standard output
25626.*        standard error 
25626.*        | standard error
25626.*        standard output
25626.*        | standard output
25626.*        standard error 
25626.*        | standard error
*              
*              
*              990617_1628:29 Remote Mailer Daemon (RMAILERD) started
*              rmailerd.x     0/SYSV
25844.*        os=SYSV pid=25844
25844.*        rca!dam (David A. Morano)
25844.*        host=rcb.rightcore.com
25844.*        standard output
25844.*        | standard output
25844.*        standard error 
25844.*        | standard error
25844.*        standard output
25844.*        | standard output
25844.*        standard error 
25844.*        | standard error
25844.*        standard output
25844.*        | standard output
25844.*        standard error 
25844.*        | standard error
25844.*        standard output
25844.*        | standard output
25844.*        standard error 
25844.*        | standard error
25844.*        standard output
25844.*        | standard output
25844.*        standard error 
25844.*        | standard error
25844.*        standard output
25844.*        | standard output
25844.*        standard error 
25844.*        | standard error
25844.*        standard output
25844.*        | standard output
25844.*        standard error 
25844.*        | standard error
25844.*        standard output
25844.*        | standard output
25844.*        standard error 
25844.*        | standard error
25844.*        standard output
25844.*        | standard output
25844.*        standard error 
25844.*        | standard error
25844.*        standard output
25844.*        | standard output
25844.*        standard error 
25844.*        | standard error
25844.*        standard output
25844.*        | standard output
25844.*        standard error 
25844.*        | standard error
25844.*        standard output
25844.*        | standard output
25844.*        standard error 
25844.*        | standard error
*              
*              
*              990617_1632:32 Remote Mailer Daemon (RMAILERD) started
*              rmailerd.x     0/SYSV
26059.*        os=SYSV pid=26059
26059.*        rca!dam (David A. Morano)
26059.*        host=rcb.rightcore.com
26059.*        standard output
26059.*        | standard output
26059.*        standard error 
26059.*        | standard error
26059.*        standard output
26059.*        | standard output
26059.*        standard error 
26059.*        | standard error
26059.*        standard output
26059.*        | standard output
26059.*        standard error 
26059.*        | standard error
26059.*        standard output
26059.*        | standard output
26059.*        standard error 
26059.*        | standard error
26059.*        standard output
26059.*        | standard output
26059.*        standard error 
26059.*        | standard error
26059.*        standard output
26059.*        | standard output
26059.*        standard error 
26059.*        | standard error
26059.*        standard output
26059.*        | standard output
26059.*        standard error 
26059.*        | standard error
26059.*        standard output
26059.*        | standard output
26059.*        standard error 
26059.*        | standard error
26059.*        standard output
26059.*        | standard output
26059.*        standard error 
26059.*        | standard error
26059.*        standard output
26059.*        | standard output
26059.*        standard error 
26059.*        | standard error
26059.*        standard output
26059.*        | standard output
26059.*        standard error 
26059.*        | standard error
26059.*        standard output
26059.*        | standard output
26059.*        standard error 
26059.*        | standard error
*              
*              
*              990617_1633:29 Remote Mailer Daemon (RMAILERD) started
*              rmailerd.x     0/SYSV
26237.*        os=SYSV pid=26237
26237.*        rca!dam (David A. Morano)
26237.*        host=rcb.rightcore.com
26237.*        standard output
26237.*        | standard output
26237.*        standard error 
26237.*        | standard error
26237.*        standard output
26237.*        | standard output
26237.*        standard error 
26237.*        | standard error
26237.*        standard output
26237.*        | standard output
26237.*        standard error 
26237.*        | standard error
26237.*        standard output
26237.*        | standard output
26237.*        standard error 
26237.*        | standard error
26237.*        standard output
26237.*        | standard output
26237.*        standard error 
26237.*        | standard error
26237.*        standard output
26237.*        | standard output
26237.*        standard error 
26237.*        | standard error
26237.*        standard output
26237.*        | standard output
26237.*        standard error 
26237.*        | standard error
26237.*        standard output
26237.*        | standard output
26237.*        standard error 
26237.*        | standard error
26237.*        standard output
26237.*        | standard output
26237.*        standard error 
26237.*        | standard error
26237.*        standard output
26237.*        | standard output
26237.*        standard error 
26237.*        | standard error
26237.*        standard output
26237.*        | standard output
26237.*        standard error 
26237.*        | standard error
26237.*        standard output
26237.*        | standard output
26237.*        standard error 
26237.*        | standard error
*              
*              
*              990617_1652:28 Remote Mailer Daemon (RMAILERD) started
*              rmailerd.x     0/SYSV
26630.*        os=SYSV pid=26630
26630.*        rca!dam (David A. Morano)
26630.*        host=rcb.rightcore.com
26630.*        standard output
26630.*        | standard output
26630.*        standard error 
26630.*        | standard error
26630.*        standard output
26630.*        | standard output
26630.*        standard error 
26630.*        | standard error
26630.*        standard output
26630.*        | standard output
26630.*        standard error 
26630.*        | standard error
26630.*        standard output
26630.*        | standard output
26630.*        standard error 
26630.*        | standard error
26630.*        standard output
26630.*        | standard output
26630.*        standard error 
26630.*        | standard error
26630.*        standard output
26630.*        | standard output
26630.*        standard error 
26630.*        | standard error
26630.*        standard output
26630.*        | standard output
26630.*        standard error 
26630.*        | standard error
26630.*        standard output
26630.*        | standard output
26630.*        standard error 
26630.*        | standard error
26630.*        standard output
26630.*        | standard output
26630.*        standard error 
26630.*        | standard error
26630.*        standard output
26630.*        | standard output
26630.*        standard error 
26630.*        | standard error
26630.*        standard output
26630.*        | standard output
26630.*        standard error 
26630.*        | standard error
26630.*        standard output
26630.*        | standard output
26630.*        standard error 
26630.*        | standard error
*              
*              
*              990617_1656:05 Remote Mailer Daemon (RMAILERD) started
*              rmailerd.x     0/SYSV
26810.*        os=SYSV pid=26810
26810.*        rca!dam (David A. Morano)
26810.*        host=rcb.rightcore.com
26810.*        standard output
26810.*        | standard output
26810.*        standard error 
26810.*        | standard error
26810.*        standard output
26810.*        | standard output
26810.*        standard error 
26810.*        | standard error
26810.*        standard output
26810.*        | standard output
26810.*        standard error 
26810.*        | standard error
26810.*        standard output
26810.*        | standard output
26810.*        standard error 
26810.*        | standard error
26810.*        standard output
26810.*        | standard output
26810.*        standard error 
26810.*        | standard error
26810.*        standard output
26810.*        | standard output
26810.*        standard error 
26810.*        | standard error
26810.*        standard output
26810.*        | standard output
26810.*        standard error 
26810.*        | standard error
26810.*        standard output
26810.*        | standard output
26810.*        standard error 
26810.*        | standard error
26810.*        standard output
26810.*        | standard output
26810.*        standard error 
26810.*        | standard error
26810.*        standard output
26810.*        | standard output
26810.*        standard error 
26810.*        | standard error
26810.*        standard output
26810.*        | standard output
26810.*        standard error 
26810.*        | standard error
26810.*        standard output
26810.*        | standard output
26810.*        standard error 
26810.*        | standard error
*              
*              
*              990617_1708:51 Remote Mailer Daemon (RMAILERD) started
*              rmailerd.x     0/SYSV
27076.*        os=SYSV pid=27076
27076.*        rca!dam (David A. Morano)
27076.*        host=rcb.rightcore.com
27076.*        standard output
27076.*        | standard output
27076.*        standard error 
27076.*        | standard error
27076.*        standard output
27076.*        | standard output
27076.*        standard error 
27076.*        | standard error
27076.*        standard output
27076.*        | standard output
27076.*        standard error 
27076.*        | standard error
27076.*        standard output
27076.*        | standard output
27076.*        standard error 
27076.*        | standard error
27076.*        standard output
27076.*        | standard output
27076.*        standard error 
27076.*        | standard error
27076.*        standard output
27076.*        | standard output
27076.*        standard error 
27076.*        | standard error
27076.*        standard output
27076.*        | standard output
27076.*        standard error 
27076.*        | standard error
27076.*        standard output
27076.*        | standard output
27076.*        standard error 
27076.*        | standard error
27076.*        standard output
27076.*        | standard output
27076.*        standard error 
27076.*        | standard error
27076.*        standard output
27076.*        | standard output
27076.*        standard error 
27076.*        | standard error
27076.*        standard output
27076.*        | standard output
27076.*        standard error 
27076.*        | standard error
27076.*        standard output
27076.*        | standard output
27076.*        standard error 
27076.*        | standard error
*              
*              
*              990617_1710:03 Remote Mailer Daemon (RMAILERD) started
*              rmailerd.x     0/SYSV
27462.*        os=SYSV pid=27462
27462.*        rca!dam (David A. Morano)
27462.*        host=rcb.rightcore.com
27462.*        standard output
27462.*        | standard output
27462.*        standard error 
27462.*        | standard error
27462.*        standard output
27462.*        | standard output
27462.*        standard error 
27462.*        | standard error
27462.*        standard output
27462.*        | standard output
27462.*        standard error 
27462.*        | standard error
27462.*        standard output
27462.*        | standard output
27462.*        standard error 
27462.*        | standard error
27462.*        standard output
27462.*        | standard output
27462.*        standard error 
27462.*        | standard error
27462.*        standard output
27462.*        | standard output
27462.*        standard error 
27462.*        | standard error
27462.*        standard output
27462.*        | standard output
27462.*        standard error 
27462.*        | standard error
27462.*        standard output
27462.*        | standard output
27462.*        standard error 
27462.*        | standard error
27462.*        standard output
27462.*        | standard output
27462.*        standard error 
27462.*        | standard error
27462.*        standard output
27462.*        | standard output
27462.*        standard error 
27462.*        | standard error
27462.*        standard output
27462.*        | standard output
27462.*        standard error 
27462.*        | standard error
27462.*        standard output
27462.*        | standard output
27462.*        standard error 
27462.*        | standard error
*              
*              
*              990617_1711:30 Remote Mailer Daemon (RMAILERD) started
*              rmailerd.x     0/SYSV
27644.*        os=SYSV pid=27644
27644.*        rca!dam (David A. Morano)
27644.*        host=rcb.rightcore.com
27644.*        standard output
27644.*        | standard output
27644.*        standard error 
27644.*        | standard error
27644.*        standard output
27644.*        | standard output
27644.*        standard error 
27644.*        | standard error
27644.*        standard output
27644.*        | standard output
27644.*        standard error 
27644.*        | standard error
27644.*        standard output
27644.*        | standard output
27644.*        standard error 
27644.*        | standard error
27644.*        standard output
27644.*        | standard output
27644.*        standard error 
27644.*        | standard error
27644.*        standard output
27644.*        | standard output
27644.*        standard error 
27644.*        | standard error
27644.*        standard output
27644.*        | standard output
27644.*        standard error 
27644.*        | standard error
27644.*        standard output
27644.*        | standard output
27644.*        standard error 
27644.*        | standard error
27644.*        standard output
27644.*        | standard output
27644.*        standard error 
27644.*        | standard error
27644.*        standard output
27644.*        | standard output
27644.*        standard error 
27644.*        | standard error
27644.*        standard output
27644.*        | standard output
27644.*        standard error 
27644.*        | standard error
27644.*        standard output
27644.*        | standard output
27644.*        standard error 
27644.*        | standard error
*              
*              
*              990617_1714:55 Remote Mailer Daemon (RMAILERD) started
*              rmailerd.x     0/SYSV
27825.*        os=SYSV pid=27825
27825.*        rca!dam (David A. Morano)
27825.*        host=rcb.rightcore.com
27825.*        standard output
27825.*        | standard output
27825.*        standard error 
27825.*        | standard error
27825.*        standard output
27825.*        | standard output
27825.*        standard error 
27825.*        | standard error
27825.*        standard output
27825.*        | standard output
27825.*        standard error 
27825.*        | standard error
27825.*        standard output
27825.*        | standard output
27825.*        standard error 
27825.*        | standard error
27825.*        standard output
27825.*        | standard output
27825.*        standard error 
27825.*        | standard error
27825.*        standard output
27825.*        | standard output
27825.*        standard error 
27825.*        | standard error
27825.*        standard output
27825.*        | standard output
27825.*        standard error 
27825.*        | standard error
27825.*        standard output
27825.*        | standard output
27825.*        standard e16020          990712_1532:09 rmailerd.x     0/SYSV
16020          os=SYSV
16020          rca!dam (David A. Morano)
16020.16020    990712_1532:09 request pid=16020
16020.16020    host=coe.neu.edu
16020.16020    from=morano@coe.neu.edu
16020.16020    recipients 1
16020.16020      0:  0 *LOCAL* + dmorano
16020.16020    990712_1532:10 message   0 len=344
16148          990712_1534:03 rmailerd.x     0/SYSV
16148          os=SYSV
16148          rca!dam (David A. Morano)
16148.16148    990712_1534:03 request pid=16148
16148.16148    host=coe.neu.edu
16148.16148    from=morano@coe.neu.edu
16148.16148    recipients 1
16148.16148      0:  0 *LOCAL* + dmorano
16148.16148    990712_1534:04 message   0 len=344
9030           990807_1247:32 rmailerd       0a/SYSV
9030           os=SYSV
9030           rca!dam (David A. Morano)
9030.9030      990807_1247:32 request pid=9030
9072           990807_1249:43 rmailerd       0a/SYSV
9072           os=SYSV
9072           rca!dam (David A. Morano)
9072.9072      990807_1249:43 request pid=9072
9124           990807_1250:14 rmailerd       0a/SYSV
9124           os=SYSV
9124           rca!dam (David A. Morano)
9124.9124      990807_1250:14 request pid=9124
9142           990807_1250:21 rmailerd       0a/SYSV
9142           os=SYSV
9142           rca!dam (David A. Morano)
9142.9142      990807_1250:21 request pid=9142
10157          990807_1333:43 rmailerd.x     0a/SYSV
10157          os=SYSV
10157          rca!dam (David A. Morano)
10157.10157    990807_1333:43 request pid=10157
10159          990807_1334:04 rmailerd.x     0a/SYSV
10159          os=SYSV
10159          rca!dam (David A. Morano)
10159.10159    990807_1334:04 request pid=10159
10170          990807_1335:26 rmailerd.x     0a/SYSV
10170          os=SYSV
10170          rca!dam (David A. Morano)
10170.10170    990807_1335:26 request pid=10170
15252          000125_1404:26 rmailerd.x     0d/SYSV
15252          os=SYSV
15252          rca!dam (David A. Morano)
15252.15252    000125_1404:26 request pid=15252
15252.15252    host=coe.neu.edu
15252.15252    jobid=rca_AAAOI820AA
15252.15252    from=morano@coe.neu.edu
15252.15252    recipients 1
15252.15252      0:  0 *LOCAL* + dam
15252.15252    standard output
15252.15252    | standard output
15252.15252    standard error 
15252.15252    | standard error
15252.15252    000125_1404:26 message   0 len=6
15530          000125_1406:23 rmailerd.x     0d/SYSV
15530          os=SYSV
15530          rca!dam (David A. Morano)
15530.15530    000125_1406:23 request pid=15530
15530.15530    host=coe.neu.edu
15530.15530    jobid=rca_AAAOI820AA
15530.15530    from=dam@rightcore.com
15530.15530    recipients 1
15530.15530      0:  0 *LOCAL* + dam
15530.15530    standard output
15530.15530    | standard output
15530.15530    standard error 
15530.15530    | standard error
15530.15530    000125_1406:23 message   0 len=6
15892          000125_1409:28 rmailerd.x     0d/SYSV
15892          os=SYSV
15892          rca!dam (David A. Morano)
15892.15892    000125_1409:28 request pid=15892
15892.15892    host=coe.neu.edu
15892.15892    jobid=rca_AAAOI820AA
15892.15892    from=dam@rightcore.com
15892.15892    recipients 1
15892.15892      0:  0 *LOCAL* + dam
15892.15892    standard output
15892.15892    | standard output
15892.15892    standard error 
15892.15892    | standard error
15892.15892    000125_1409:29 message   0 len=6
15928          000125_1411:17 rmailerd.x     0d/SYSV
15928          os=SYSV
15928          rca!dam (David A. Morano)
15928.15928    000125_1411:17 request pid=15928
15928.15928    host=coe.neu.edu
15928.15928    jobid=rca_AAAOI820AA
15928.15928    from=dam@rightcore.com
15928.15928    recipients 1
15928.15928      0:  0 *LOCAL* + dam
15928.15928    standard output
15928.15928    | standard output
15928.15928    standard error 
15928.15928    | standard error
15928.15928    000125_1411:18 message   0 len=6
15964          000125_1413:33 rmailerd.x     0d/SYSV
15964          os=SYSV
15964          rca!dam (David A. Morano)
15964.15964    000125_1413:33 request pid=15964
15964.15964    host=coe.neu.edu
15964.15964    jobid=rca_AAAOI820AA
15964.15964    from=dam@rightcore.com
15964.15964    recipients 1
15964.15964      0:  0 *LOCAL* + dam
15964.15964    standard output
15964.15964    | standard output
15964.15964    standard error 
15964.15964    | standard error
15964.15964    000125_1413:33 message   0 len=6
15995          000125_1415:33 rmailerd.x     0d/SYSV
15995          os=SYSV
15995          rca!dam (David A. Morano)
15995.15995    000125_1415:33 request pid=15995
15995.15995    host=coe.neu.edu
15995.15995    jobid=rca_AAAOI820AA
15995.15995    from=dam@rightcore.com
15995.15995    recipients 1
15995.15995      0:  0 *LOCAL* + dam
15995.15995    standard output
15995.15995    | standard output
15995.15995    standard error 
15995.15995    | standard error
15995.15995    000125_1415:33 message   0 len=6
16044          000125_1417:30 rmailerd.x     0d/SYSV
16044          os=SYSV
16044          rca!dam (David A. Morano)
16044.16044    000125_1417:30 request pid=16044
16044.16044    host=coe.neu.edu
16044.16044    jobid=rca_AAAOI820AA
16044.16044    from=dam@rightcore.com
16044.16044    recipients 1
16044.16044      0:  0 *LOCAL* + dam
16044.16044    standard output
16044.16044    | standard output
16044.16044    standard error 
16044.16044    | standard error
16044.16044    000125_1417:31 message   0 len=6
16075          000125_1418:28 rmailerd.x     0d/SYSV
16075          os=SYSV
16075          rca!dam (David A. Morano)
16075.16075    000125_1418:28 request pid=16075
16075.16075    host=coe.neu.edu
16075.16075    jobid=rca_AAAOI820AA
16075.16075    from=dam@rightcore.com
16075.16075    recipients 1
16075.16075      0:  0 *LOCAL* + dam
16075.16075    standard output
16075.16075    | standard output
16075.16075    standard error 
16075.16075    | standard error
16075.16075    000125_1418:29 message   0 len=6
16981          000125_1427:21 rmailerd.x     0d/SYSV
16981          os=SYSV
16981          rca!dam (David A. Morano)
16981.16981    000125_1427:21 request pid=16981
16981.16981    host=coe.neu.edu
16981.16981    jobid=rca_AAAOI820AA
16981.16981    from=rightcore.com!dam
16981.16981    recipients 1
16981.16981      0:  0 *LOCAL* + dam
16981.16981    standard output
16981.16981    | standard output
16981.16981    standard error 
16981.16981    | standard error
16981.16981    000125_1427:22 message   0 len=6
28908          000229_0014:47 rmailerd.x     0d/SYSV
28908          os=SYSV
28908          rca!dam (David A. Morano)
28908.28908    000229_0014:47 request pid=28908
28908.28908    host=coe.neu.edu
28908.28908    jobid=rca_AAAOI820AA
28908.28908    from=rightcore.com!dam
28908.28908    recipients 1
28908.28908      0:  0 *LOCAL* + dam
28908.28908    standard output
28908.28908    | standard output
28908.28908    standard error 
28908.28908    | standard error
28908.28908    000229_0014:47 message   0 len=6
29529          000229_0023:46 rmailerd.x     0d/SYSV
29529          os=SYSV
29529          rca!dam (David A. Morano)
29529.29529    000229_0023:46 request pid=29529
29529.29529    host=coe.neu.edu
29529.29529    jobid=rca_AAAOIy1gAA
29529.29529    from=morano@coe.neu.edu
29529.29529    recipients 1
29529.29529      0:  0 coe.neu.edu + morano
29529.29529    standard output
29529.29529    | standard output
29529.29529    standard error 
29529.29529    | standard error
29529.29529    000229_0023:47 message   0 len=5
29529.29529    recipients 0
29529.29529    000229_0023:47 message   1 len=0
29549          000229_0024:09 rmailerd.x     0d/SYSV
29549          os=SYSV
29549          rca!dam (David A. Morano)
29549.29549    000229_0024:09 request pid=29549
29549.29549    host=coe.neu.edu
29549.29549    jobid=rca_AAAOIy1gAA
29549.29549    from=morano@coe.neu.edu
29549.29549    recipients 1
29549.29549      0:  0 coe.neu.edu + morano
29549.29549    standard output
29549.29549    | standard output
29549.29549    standard error 
29549.29549    | standard error
29549.29549    000229_0024:09 message   0 len=6
731            000229_0103:39 rmailerd.x     0d/SYSV
731            os=SYSV
731            rca!dam (David A. Morano)
731.731        000229_0103:39 request pid=731
731.731        host=coe.neu.edu
731.731        jobid=rca_AAAOIy1gAA
731.731        from=morano@coe.neu.edu
731.731        recipients 1
731.731          0:  0 coe.neu.edu + morano
731.731        standard output
731.731        | standard output
731.731        standard error 
731.731        | standard error
731.731        000229_0103:40 message   0 len=6
825            000229_0106:40 rmailerd.x     0d/SYSV
825            os=SYSV
825            rca!dam (David A. Morano)
825.825        000229_0106:40 request pid=825
825.825        host=coe.neu.edu
825.825        jobid=rca_AAAOIy1gAA
825.825        from=morano@coe.neu.edu
825.825        recipients 1
825.825          0:  0 coe.neu.edu + morano
825.825        standard output
825.825        | standard output
825.825        standard error 
825.825        | standard error
825.825        000229_0106:40 message   0 len=6
856            000229_0108:19 rmailerd.x     0d/SYSV
856            os=SYSV
856            rca!dam (David A. Morano)
856.856        000229_0108:19 request pid=856
856.856        host=coe.neu.edu
856.856        jobid=rca_AAAOIy1gAA
856.856        from=morano@coe.neu.edu
856.856        recipients 1
856.856          0:  0 coe.neu.edu + morano
856.856        standard output
856.856        | standard output
856.856        standard error 
856.856        | standard error
856.856        000229_0108:19 message   0 len=6
1075           000229_0109:06 rmailerd.x     0d/SYSV
1075           os=SYSV
1075           rca!dam (David A. Morano)
1075.1075      000229_0109:06 request pid=1075
1075.1075      host=coe.neu.edu
1075.1075      jobid=rca_AAAOIy1gAA
1075.1075      from=morano@coe.neu.edu
1075.1075      recipients 1
1075.1075        0:  0 coe.neu.edu + morano
1075.1075      standard output
1075.1075      | standard output
1075.1075      standard error 
1075.1075      | standard error
1075.1075      000229_0109:07 message   0 len=6
1440           000229_0126:58 rmailerd.x     0e/SYSV
1440           os=SYSV
1440           rca!dam (David A. Morano)
1440.1440      000229_0126:58 request pid=1440
1440.1440      host=coe.neu.edu
1440.1440      jobid=rca_AAAOIy1gAA
1440.1440      from=morano@coe.neu.edu
1440.1440      recipients 1
1440.1440        0:  0 coe.neu.edu + morano
1440.1440      standard output
1440.1440      | standard output
1440.1440      standard error 
1440.1440      | standard error
1440.1440      000229_0126:59 message   0 len=6
19787          000229_2255:55 rmailerd.x     0e/SYSV
19787          os=SYSV
19787          rca!dam (David A. Morano)
19787.19787    000229_2255:55 request pid=19787
19787.19787    host=coe.neu.edu
19787.19787    jobid=rca_AAAOIy1gAA
19787.19787    from=morano@coe.neu.edu
19787.19787    recipients 1
19787.19787      0:  0 coe.neu.edu + morano
19787.19787    standard output
19787.19787    | standard output
19787.19787    standard error 
19787.19787    | standard error
19787.19787    000229_2255:56 message   0 len=6 cksum=^xb3beab91
19816          000229_2259:30 rmailerd.x     0e/SYSV
19816          os=SYSV
19816          rca!dam (David A. Morano)
19816.19816    000229_2259:30 request pid=19816
19816.19816    host=coe.neu.edu
19816.19816    jobid=rca_AAAOIy1gAA
19816.19816    from=morano@coe.neu.edu
19816.19816    recipients 1
19816.19816    000229_2259:30 message   0 ERROR
19816.19816    cksum mismatch, expected=\xb3beab91 got=\x08x
19882          000229_2301:04 rmailerd.x     0e/SYSV
19882          os=SYSV
19882          rca!dam (David A. Morano)
19882.19882    000229_2301:04 request pid=19882
19882.19882    host=coe.neu.edu
19882.19882    jobid=rca_AAAOIy1gAA
19882.19882    from=morano@coe.neu.edu
19882.19882    recipients 1
19882.19882    000229_2301:04 message   0 ERROR
19882.19882    cksum mismatch, expected=\xb3beab91 got=\xb64c0595
19885          000229_2301:48 rmailerd.x     0e/SYSV
19885          os=SYSV
19885          rca!dam (David A. Morano)
19885.19885    000229_2301:48 request pid=19885
19885.19885    host=coe.neu.edu
19885.19885    jobid=rca_AAAOIy1gAA
19885.19885    from=morano@coe.neu.edu
19885.19885    recipients 1
19885.19885    000229_2301:48 message   0 ERROR
19885.19885    cksum mismatch, expected=\xb3beab91 got=\xb64c0595
19908          000229_2303:20 rmailerd.x     0e/SYSV
19908          os=SYSV
19908          rca!dam (David A. Morano)
19908.19908    000229_2303:20 request pid=19908
19908.19908    host=coe.neu.edu
19908.19908    jobid=rca_AAAOIy1gAA
19908.19908    from=morano@coe.neu.edu
19908.19908    recipients 1
19908.19908    000229_2303:21 message   0 ERROR
19908.19908    length mismatch, expected=\x00000007 got=\x00000006
19921          000229_2303:57 rmailerd.x     0e/SYSV
19921          os=SYSV
19921          rca!dam (David A. Morano)
19921.19921    000229_2303:57 request pid=19921
19921.19921    host=coe.neu.edu
19921.19921    jobid=rca_AAAOIy1gAA
19921.19921    from=morano@coe.neu.edu
19921.19921    recipients 1
19921.19921    000229_2303:57 message   0 ERROR
19921.19921    length mismatch, expected=7 got=6
19924          000229_2304:31 rmailerd.x     0e/SYSV
19924          os=SYSV
19924          rca!dam (David A. Morano)
19924.19924    000229_2304:31 request pid=19924
19924.19924    host=coe.neu.edu
19924.19924    jobid=rca_AAAOIy1gAA
19924.19924    from=morano@coe.neu.edu
19924.19924    recipients 1
19924.19924    000229_2304:31 message   0 ERROR
19924.19924    cksum mismatch, expected=\xb3beab91 got=\xb64c0595
19927          000229_2304:42 rmailerd.x     0e/SYSV
19927          os=SYSV
19927          rca!dam (David A. Morano)
19927.19927    000229_2304:42 request pid=19927
19927.19927    host=coe.neu.edu
19927.19927    jobid=rca_AAAOIy1gAA
19927.19927    from=morano@coe.neu.edu
19927.19927    recipients 1
19927.19927      0:  0 coe.neu.edu + morano
19927.19927    standard output
19927.19927    | standard output
19927.19927    standard error 
19927.19927    | standard error
19927.19927    000229_2304:43 message   0 len=6 cksum=\xb3beab91
20256          000229_2305:36 rmailerd.x     0e/SYSV
20256          os=SYSV
20256          rca!dam (David A. Morano)
20256.20256    000229_2305:36 request pid=20256
20256.20256    host=coe.neu.edu
20256.20256    jobid=rca_AAAOIy1gAA
20256.20256    from=morano@coe.neu.edu
20256.20256    recipients 1
20256.20256      0:  0 coe.neu.edu + morano
20256.20256    standard output
20256.20256    | standard output
20256.20256    standard error 
20256.20256    | standard error
20256.20256    000229_2305:37 message   0 len=6 cksum=\xb3beab91
20277          000229_2305:59 rmailerd.x     0e/SYSV
20277          os=SYSV
20277          rca!dam (David A. Morano)
20277.20277    000229_2305:59 request pid=20277
20277.20277    host=coe.neu.edu
20277.20277    jobid=rca_AAAOIy1gAA
20277.20277    from=morano@coe.neu.edu
20277.20277    recipients 1
20277.20277      0:  0 coe.neu.edu + morano
20277.20277    standard output
20277.20277    | standard output
20277.20277    standard error 
20277.20277    | standard error
20277.20277    000229_2305:59 message   0 len=6
20746          000229_2310:39 rmailerd.x     0e/SYSV
20746          os=SYSV
20746          rca!dam (David A. Morano)
20746.20746    000229_2310:39 request pid=20746
20746.20746    host=coe.neu.edu
20746.20746    jobid=rca_AAAOIy1gAA
20746.20746    from=morano@coe.neu.edu
20746.20746    recipients 1
20746.20746    000229_2310:39 message   0 ERROR
20746.20746    length mismatch, expected=7 got=6
20758          000229_2311:24 rmailerd.x     0e/SYSV
20758          os=SYSV
20758          rca!dam (David A. Morano)
20758.20758    000229_2311:24 request pid=20758
20758.20758    host=coe.neu.edu
20758.20758    jobid=rca_AAAOIy1gAA
20758.20758    from=morano@coe.neu.edu
20758.20758    recipients 1
20758.20758      0:  0 coe.neu.edu + morano
20758.20758    standard output
20758.20758    | standard output
20758.20758    standard error 
20758.20758    | standard error
20758.20758    000229_2311:25 message   0 len=6 cksum=\xb3beab91
20780          000229_2311:47 rmailerd.x     0e/SYSV
20780          os=SYSV
20780          rca!dam (David A. Morano)
20780.20780    000229_2311:47 request pid=20780
20780.20780    host=coe.neu.edu
20780.20780    jobid=rca_AAAOIy1gAA
20780.20780    from=morano@coe.neu.edu
20780.20780    recipients 1
20780.20780    000229_2311:47 message   0 ERROR
20780.20780    cksum mismatch, expected=\xb3beab91 got=\xb64c0595
21533          000229_2315:37 rmailerd.x     0e/SYSV
21533          os=SYSV
21533          rca!dam (David A. Morano)
21533.21533    000229_2315:37 request pid=21533
21533.21533    host=coe.neu.edu
21533.21533    jobid=rca_AAAOIy1gAA
21533.21533    from=morano@coe.neu.edu
21533.21533    recipients 1
21533.21533    000229_2315:37 message   0 ERROR
21533.21533    cksum mismatch, expected=\xb3beab91 got=\xb64c0595
21538          000229_2316:00 rmailerd.x     0e/SYSV
21538          os=SYSV
21538          rca!dam (David A. Morano)
21538.21538    000229_2316:00 request pid=21538
21538.21538    host=coe.neu.edu
21538.21538    jobid=rca_AAAOIy1gAA
21538.21538    from=morano@coe.neu.edu
21538.21538    recipients 1
21538.21538      0:  0 coe.neu.edu + morano
21538.21538    standard output
21538.21538    | standard output
21538.21538    standard error 
21538.21538    | standard error
21538.21538    000229_2316:00 message   0 len=6 cksum=\xb3beab91
9557           000412_1014:16 rmailerd.x     0e/SYSV
9557           os=SYSV
9557           rca!dam (David A. Morano)
9557.9557      000412_1014:16 request pid=9557
9557.9557      host=coe.neu.edu
9557.9557      jobid=rca_AAAOIy1gAA
9557.9557      from=morano@coe.neu.edu
9557.9557      recipients 1
9557.9557        0:  0 coe.neu.edu + morano
9557.9557      standard output
9557.9557      | sendmail: entered
9557.9557      | standard output
9557.9557      standard error 
9557.9557      | standard error
9557.9557      000412_1014:16 message   0 len=6 cksum=\xb3beab91
27507          000428_0139:10 rmailerd.x     0e/SYSV
27507          os=SYSV
27507          rca!dam (David A. Morano)
27507.27507    000428_0139:10 request pid=27507
27507.27507    host=coe.neu.edu
27507.27507    jobid=rca_AAAOIy1gAA
27507.27507    from=morano@coe.neu.edu
27507.27507    recipients 1
27507.27507      0:  0 coe.neu.edu + morano
27507.27507    standard output
27507.27507    | standard output
27507.27507    standard error 
27507.27507    | standard error
27507.27507    000428_0139:11 message   0 len=6 cksum=\xb3beab91
27527          000428_0140:08 rmailerd.x     0e/SYSV
27527          os=SYSV
27527          rca!dam (David A. Morano)
27527.27527    000428_0140:08 request pid=27527
27527.27527    host=coe.neu.edu
27527.27527    jobid=rca_AAAOIy1gAA
27527.27527    from=morano@coe.neu.edu
27527.27527    recipients 1
27527.27527      0:  0 coe.neu.edu + morano
27527.27527    standard output
27527.27527    | standard output
27527.27527    standard error 
27527.27527    | standard error
27527.27527    000428_0140:09 message   0 len=6 cksum=\xb3beab91
16579          000525_0020:37 rmailerd.x     0f/SYSV
16579          os=SYSV
16579          rca!dam (David A. Morano)
16579.16579    000525_0020:37 request pid=16579
16579.16579    host=coe.neu.edu
16579.16579    jobid=rca_AAAOIy1gAA
16579.16579    from=morano@coe.neu.edu
16645          000525_0021:16 rmailerd.x     0f/SYSV
16645          os=SYSV
16645          rca!dam (David A. Morano)
16645.16645    000525_0021:16 request pid=16645
16645.16645    host=coe.neu.edu
16645.16645    jobid=rca_AAAOIy1gAA
16645.16645    from=morano@coe.neu.edu
16699          000525_0022:42 rmailerd.x     0f/SYSV
16699          os=SYSV
16699          rca!dam (David A. Morano)
16699.16699    000525_0022:42 request pid=16699
16699.16699    host=coe.neu.edu
16699.16699    jobid=rca_AAAOIy1gAA
16699.16699    from=morano@coe.neu.edu
16820          000525_0024:47 rmailerd.x     0f/SYSV
16820          os=SYSV
16820          rca!dam (David A. Morano)
16820.16820    000525_0024:47 request pid=16820
16820.16820    host=coe.neu.edu
16820.16820    jobid=rca_AAAOIy1gAA
16820.16820    from=morano@coe.neu.edu
16975          000525_0026:07 rmailerd.x     0f/SYSV
16975          os=SYSV
16975          rca!dam (David A. Morano)
16975.16975    000525_0026:07 request pid=16975
16975.16975    host=coe.neu.edu
16975.16975    jobid=rca_AAAOIy1gAA
16975.16975    from=morano@coe.neu.edu
17030          000525_0027:16 rmailerd.x     0f/SYSV
17030          os=SYSV
17030          rca!dam (David A. Morano)
17030.17030    000525_0027:16 request pid=17030
17030.17030    host=coe.neu.edu
17030.17030    jobid=rca_AAAOIy1gAA
17030.17030    from=morano@coe.neu.edu
17086          000525_0028:48 rmailerd.x     0f/SYSV
17086          os=SYSV
17086          rca!dam (David A. Morano)
17086.17086    000525_0028:48 request pid=17086
17086.17086    host=coe.neu.edu
17086.17086    jobid=rca_AAAOIy1gAA
17086.17086    from=morano@coe.neu.edu
17156          000525_0032:26 rmailerd.x     0f/SYSV
17156          os=SYSV
17156          rca!dam (David A. Morano)
17156.17156    000525_0032:26 request pid=17156
17156.17156    host=coe.neu.edu
17156.17156    jobid=rca_AAAOIy1gAA
17156.17156    from=morano@coe.neu.edu
17210          000525_0033:08 rmailerd.x     0f/SYSV
17210          os=SYSV
17210          rca!dam (David A. Morano)
17210.17210    000525_0033:08 request pid=17210
17210.17210    host=coe.neu.edu
17210.17210    jobid=rca_AAAOIy1gAA
17210.17210    from=morano@coe.neu.edu
17369          000525_0035:39 rmailerd.x     0f/SYSV
17369          os=SYSV
17369          rca!dam (David A. Morano)
17369.17369    000525_0035:39 request pid=17369
17369.17369    host=coe.neu.edu
17369.17369    jobid=rca_AAAOIy1gAA
17369.17369    from=morano@coe.neu.edu
17558          000525_0036:13 rmailerd.x     0f/SYSV
17558          os=SYSV
17558          rca!dam (David A. Morano)
17558.17558    000525_0036:13 request pid=17558
17558.17558    host=coe.neu.edu
17558.17558    jobid=rca_AAAOIy1gAA
17558.17558    from=morano@coe.neu.edu
17613          000525_0038:33 rmailerd.x     0f/SYSV
17613          os=SYSV
17613          rca!dam (David A. Morano)
17613.17613    000525_0038:33 request pid=17613
17613.17613    host=coe.neu.edu
17613.17613    jobid=rca_AAAOIy1gAA
17613.17613    from=morano@coe.neu.edu
17667          000525_0040:36 rmailerd.x     0f/SYSV
17667          os=SYSV
17667          rca!dam (David A. Morano)
17667.17667    000525_0040:36 request pid=17667
17667.17667    host=coe.neu.edu
17667.17667    jobid=rca_AAAOIy1gAA
17667.17667    from=morano@coe.neu.edu
17725          000525_0042:07 rmailerd.x     0f/SYSV
17725          os=SYSV
17725          rca!dam (David A. Morano)
17725.17725    000525_0042:07 request pid=17725
17725.17725    host=coe.neu.edu
17725.17725    jobid=rca_AAAOIy1gAA
17725.17725    from=morano@coe.neu.edu
17784          000525_0043:33 rmailerd.x     0f/SYSV
17784          os=SYSV
17784          rca!dam (David A. Morano)
17784.17784    000525_0043:33 request pid=17784
17784.17784    host=coe.neu.edu
17784.17784    jobid=rca_AAAOIy1gAA
17784.17784    from=morano@coe.neu.edu
17784.17784    recipients 1
17784.17784      0:  0 rightcore.com + morano
17784.17784    standard output
17784.17784    | standard output
17784.17784    standard error 
17784.17784    | standard error
17784.17784    000525_0043:34 message   0 cksum=\xb3beab91 len=6
17816          000525_0043:52 rmailerd.x     0f/SYSV
17816          os=SYSV
17816          rca!dam (David A. Morano)
17816.17816    000525_0043:52 request pid=17816
17816.17816    host=coe.neu.edu
17816.17816    jobid=rca_AAAOIy1gAA
17816.17816    from=morano@coe.neu.edu
17816.17816    recipients 1
17816.17816      0:  0 rightcore.com + morano
17816.17816    standard output
17816.17816    | standard output
17816.17816    standard error 
17816.17816    | standard error
17816.17816    000525_0043:53 message   0 cksum=\xb3beab91 len=6
18183          000525_0046:35 rmailerd.x     0f/SYSV
18183          os=SYSV
18183          rca!dam (David A. Morano)
18183.18183    000525_0046:35 request pid=18183
18183.18183    host=coe.neu.edu
18183.18183    jobid=rca_AAAOIy1gAA
18183.18183    from=morano@coe.neu.edu
18183.18183    recipients 1
18183.18183      0:  0 rightcore.com + morano
18183.18183    standard output
18183.18183    | standard output
18183.18183    standard error 
18183.18183    | standard error
18183.18183    000525_0046:35 message   0 cksum=\xb3beab91 len=6
23018          010202_1934:28 rmailerd.x     0g/SYSV
23018          ostype=SYSV os=SunOS(5.6)
23018          rca!dam (David A. Morano)
23018.23018    010202_1934:29 request pid=23018
23018.23018    host=levo.rightcore.com
23018.23018    jobid=rca_AAAOnkegAA
23018.23018    from=morano@ele.uri.edu
23018.23018    recipients 1
23018.23018    010202_1934:29 message   0 ERROR
23018.23018    cksum mismatch, expected=\x852872dd got=\x0047b897
3692           010202_1941:47 rmailerd.x     0g/SYSV
3692           ostype=SYSV os=SunOS(5.6)
3692           rca!dam (David A. Morano)
3692.3692      010202_1941:47 request pid=3692
3692.3692      host=levo.rightcore.com
3692.3692      jobid=rca_AAAOnkegAA
3692.3692      from=morano@ele.uri.edu
3692.3692      recipients 1
3692.3692      010202_1941:47 message   0 ERROR
3692.3692      cksum mismatch, expected=\x852872dd got=\x0047b897
22977          010202_1947:04 rmailerd.x     0g/SYSV
22977          ostype=SYSV os=SunOS(5.6)
22977          rca!dam (David A. Morano)
22977.22977    010202_1947:04 request pid=22977
22977.22977    host=levo.rightcore.com
22977.22977    jobid=rca_AAAOnkegAA
22977.22977    from=morano@ele.uri.edu
22977.22977    recipients 1
22977.22977    010202_1947:04 message   0 ERROR
22977.22977    cksum mismatch, expected=\x852872dd got=\x0047b897
12899          010202_1952:47 rmailerd.x     0g/SYSV
12899          ostype=SYSV os=SunOS(5.6)
12899          rca!dam (David A. Morano)
12899.12899    010202_1952:47 request pid=12899
12899.12899    host=levo.rightcore.com
12899.12899    jobid=rca_AAAOnkegAA
12899.12899    from=morano@ele.uri.edu
12899.12899    recipients 1
12899.12899    010202_1952:47 message   0 ERROR
12899.12899    cksum mismatch, expected=\x852872dd got=\x0047b897
26901          010202_1956:52 rmailerd.x     0g/SYSV
26901          ostype=SYSV os=SunOS(5.6)
26901          rca!dam (David A. Morano)
26901.26901    010202_1956:52 request pid=26901
26901.26901    host=levo.rightcore.com
26901.26901    jobid=rca_AAAOnkegAA
26901.26901    from=morano@ele.uri.edu
26901.26901    recipients 1
26901.26901      0:  0 *local* + dam
26901.26901    standard output
26901.26901    | standard output
26901.26901    standard error 
26901.26901    | standard error
26901.26901    010202_1956:53 message   0 cksum=\x852872dd len=578
15592          010202_2014:22 rmailerd.x     0g/SYSV
15592          ostype=SYSV os=SunOS(5.6)
15592          rca!dam (David A. Morano)
15592.15592    010202_2014:22 request pid=15592
15592.15592    host=levo.rightcore.com
15592.15592    jobid=rca_AAAOnkegAA
15592.15592    from=morano@ele.uri.edu
15592.15592    recipients 1
15592.15592    010202_2014:22 message   0 ERROR
15592.15592    cksum mismatch, expected=\x852872dd got=\x0047b897
15712          010202_2015:00 rmailerd.x     0g/SYSV
15712          ostype=SYSV os=SunOS(5.6)
15712          rca!dam (David A. Morano)
15712.15712    010202_2015:00 request pid=15712
15712.15712    host=levo.rightcore.com
15712.15712    jobid=rca_AAAOnkegAA
15712.15712    from=morano@ele.uri.edu
15712.15712    recipients 1
15712.15712      0:  0 *local* + dam
15712.15712    standard output
15712.15712    | standard output
15712.15712    standard error 
15712.15712    | standard error
15712.15712    010202_2015:00 message   0 cksum=\x852872dd len=578
22427   	020430_1943:14 rmailerd.x     0g/SYSV
22427   	ostype=SYSV os=SunOS(5.8)
22427   	rca!dam (David A. Morano)
22427.22427	020430_1943:14 request pid=22427
22427.22427	host=to:      	dmorano@ece.neu.edu
22427.22427	jobid=subject:	test email/posting 2
22427.22427	from=date:           02 Dec 93 12:26:33 PST
22427.22427	recipients 5
22427.22427	  0:  0 *local* + system.  This is only a test.  This test has b
22427.22427	  0:  0 *local* + as a means of testing email or bulletin board 
22427.22427	  0:  0 *local* + If this had been an actual emergency, you woul
22427.22427	  0:  0 *local* + This concludes this test of the emergency emai
22560   	020430_1943:53 rmailerd.x     0g/SYSV
22560   	ostype=SYSV os=SunOS(5.8)
22560   	rca!dam (David A. Morano)
22560.22560	020430_1943:53 request pid=22560
22560.22560	host=to:      	dmorano@ece.neu.edu
22560.22560	jobid=subject:	test email/posting 2
22560.22560	from=date:           02 Dec 93 12:26:33 PST
22560.22560	recipients 5
22560.22560	  0:  0 *local* + system.  This is only a test.  This test has b
22560.22560	  0:  0 *local* + as a means of testing email or bulletin board 
22560.22560	  0:  0 *local* + If this had been an actual emergency, you woul
22560.22560	  0:  0 *local* + This concludes this test of the emergency emai
22561   	020430_1944:04 rmailerd.x     0g/SYSV
22561   	ostype=SYSV os=SunOS(5.8)
22561   	rca!dam (David A. Morano)
22561.22561	020430_1944:04 request pid=22561
22561.22561	host=to:      	dmorano@ece.neu.edu
22561.22561	jobid=subject:	test email/posting 2
22561.22561	from=date:           02 Dec 93 12:26:33 PST
22561.22561	recipients 5
22561.22561	  0:  0 *local* + system.  This is only a test.  This test has b
22561.22561	  0:  0 *local* + as a means of testing email or bulletin board 
22561.22561	  0:  0 *local* + If this had been an actual emergency, you woul
22561.22561	  0:  0 *local* + This concludes this test of the emergency emai
22587   	020430_1944:32 rmailerd.x     0g/SYSV
22587   	ostype=SYSV os=SunOS(5.8)
22587   	rca!dam (David A. Morano)
22587.22587	020430_1944:32 request pid=22587
22587.22587	host=to:      	dmorano@ece.neu.edu
22587.22587	jobid=subject:	test email/posting 2
22587.22587	from=date:           02 Dec 93 12:26:33 PST
22587.22587	recipients 5
22587.22587	  0:  0 *local* + system.  This is only a test.  This test has b
22587.22587	  0:  0 *local* + as a means of testing email or bulletin board 
22587.22587	  0:  0 *local* + If this had been an actual emergency, you woul
22587.22587	  0:  0 *local* + This concludes this test of the emergency emai
22638   	020430_1944:47 rmailerd.x     0g/SYSV
22638   	ostype=SYSV os=SunOS(5.8)
22638   	rca!dam (David A. Morano)
22638.22638	020430_1944:47 request pid=22638
22638.22638	host=to:      	dmorano@ece.neu.edu
22638.22638	jobid=subject:	test email/posting 2
22638.22638	from=date:           02 Dec 93 12:26:33 PST
22638.22638	recipients 5
22638.22638	  0:  0 *local* + system.  This is only a test.  This test has b
22638.22638	  0:  0 *local* + as a means of testing email or bulletin board 
22638.22638	  0:  0 *local* + If this had been an actual emergency, you woul
22638.22638	  0:  0 *local* + This concludes this test of the emergency emai
22822   	020430_1945:13 rmailerd.x     0g/SYSV
22822   	ostype=SYSV os=SunOS(5.8)
22822   	rca!dam (David A. Morano)
22822.22822	020430_1945:13 request pid=22822
22822.22822	host=to:      	dmorano@ece.neu.edu
22822.22822	jobid=subject:	test email/posting 2
22822.22822	from=date:           02 Dec 93 12:26:33 PST
22822.22822	recipients 5
22822.22822	  0:  0 *local* + system.  This is only a test.  This test has b
22822.22822	  0:  0 *local* + as a means of testing email or bulletin board 
22822.22822	  0:  0 *local* + If this had been an actual emergency, you woul
22822.22822	  0:  0 *local* + This concludes this test of the emergency emai
22825   	020430_1946:17 rmailerd.x     0g/SYSV
22825   	ostype=SYSV os=SunOS(5.8)
22825   	rca!dam (David A. Morano)
22825.22825	020430_1946:17 request pid=22825
22825.22825	host=to:      	dmorano@ece.neu.edu
22825.22825	jobid=subject:	test email/posting 2
22825.22825	from=date:           02 Dec 93 12:26:33 PST
22825.22825	recipients 5
22825.22825	  0:  0 *local* + system.  This is only a test.  This test has b
22825.22825	  0:  0 *local* + as a means of testing email or bulletin board 
22825.22825	  0:  0 *local* + If this had been an actual emergency, you woul
22825.22825	  0:  0 *local* + This concludes this test of the emergency emai
23750   	020430_2007:42 rmailerd.x     0g/SYSV
23750   	ostype=SYSV os=SunOS(5.8)
23750   	rca!dam (David A. Morano)
23750.23750	020430_2007:42 request pid=23750
23750.23750	host=to:      	dmorano@ece.neu.edu
23750.23750	jobid=subject:	test email/posting 2
23750.23750	from=date:           02 Dec 93 12:26:33 PST
23750.23750	recipients 5
23750.23750	  0:  0 *local* + system.  This is only a test.  This test has b
23750.23750	  0:  0 *local* + as a means of testing email or bulletin board 
23750.23750	  0:  0 *local* + If this had been an actual emergency, you woul
23750.23750	  0:  0 *local* + This concludes this test of the emergency emai
27108   	020430_2016:02 rmailerd.x     0g/SYSV
27108   	ostype=SYSV os=SunOS(5.8)
27108   	rca!dam (David A. Morano)
27108.27108	020430_2016:02 request pid=27108
27133   	020430_2016:22 rmailerd.x     0g/SYSV
27133   	ostype=SYSV os=SunOS(5.8)
27133   	rca!dam (David A. Morano)
27133.27133	020430_2016:22 request pid=27133
27133.27133	host=to:      	dmorano@ece.neu.edu
27133.27133	jobid=subject:	test email/posting 2
27133.27133	from=date:           02 Dec 93 12:26:33 PST
27133.27133	recipients 5
27133.27133	  0:  0 *local* + system.  This is only a test.  This test has b
27133.27133	  0:  0 *local* + as a means of testing email or bulletin board 
27133.27133	  0:  0 *local* + If this had been an actual emergency, you woul
27133.27133	  0:  0 *local* + This concludes this test of the emergency emai
27163   	020430_2018:19 rmailerd.x     0g/SYSV
27163   	ostype=SYSV os=SunOS(5.8)
27163   	rca!dam (David A. Morano)
27163.27163	020430_2018:19 request pid=27163
27164   	020430_2018:29 rmailerd.x     0g/SYSV
27164   	ostype=SYSV os=SunOS(5.8)
27164   	rca!dam (David A. Morano)
27164.27164	020430_2018:29 request pid=27164
27164.27164	host=to:      	dmorano@ece.neu.edu
27164.27164	jobid=subject:	test email/posting 2
27164.27164	from=date:           02 Dec 93 12:26:33 PST
27164.27164	recipients 5
27164.27164	  0:  0 *local* + system.  This is only a test.  This test has b
27164.27164	  0:  0 *local* + as a means of testing email or bulletin board 
27164.27164	  0:  0 *local* + If this had been an actual emergency, you woul
27164.27164	  0:  0 *local* + This concludes this test of the emergency emai
27654   	020430_2020:09 rmailerd.x     0g/SYSV
27654   	ostype=SYSV os=SunOS(5.8)
27654   	rca!dam (David A. Morano)
27654.27654	020430_2020:09 request pid=27654
27654.27654	host=to:      	dmorano@ece.neu.edu
27654.27654	jobid=subject:	test email/posting 2
27654.27654	from=date:           02 Dec 93 12:26:33 PST
27654.27654	recipients 5
27654.27654	  0:  0 *local* + system.  This is only a test.  This test has b
27654.27654	  0:  0 *local* + as a means of testing email or bulletin board 
27654.27654	  0:  0 *local* + If this had been an actual emergency, you woul
27654.27654	  0:  0 *local* + This concludes this test of the emergency emai
27705   	020430_2021:09 rmailerd.x     0g/SYSV
27705   	ostype=SYSV os=SunOS(5.8)
27705   	rca!dam (David A. Morano)
27705.27705	020430_2021:09 request pid=27705
27705.27705	host=to:      	dmorano@ece.neu.edu
27705.27705	jobid=subject:	test email/posting 2
27705.27705	from=date:           02 Dec 93 12:26:33 PST
27705.27705	recipients 5
27705.27705	  0:  0 *local* + system.  This is only a test.  This test has b
27705.27705	  0:  0 *local* + as a means of testing email or bulletin board 
27705.27705	  0:  0 *local* + If this had been an actual emergency, you woul
27705.27705	  0:  0 *local* + This concludes this test of the emergency emai
27874   	020430_2025:04 rmailerd.x     0g/SYSV
27874   	ostype=SYSV os=SunOS(5.8)
27874   	rca!dam (David A. Morano)
27874.27874	020430_2025:04 request pid=27874
27874.27874	host=to:      	dmorano@ece.neu.edu
27874.27874	jobid=subject:	test email/posting 2
27874.27874	from=date:           02 Dec 93 12:26:33 PST
27874.27874	recipients 5
27874.27874	  0:  0 *local* + system.  This is only a test.  This test has b
27874.27874	  0:  0 *local* + as a means of testing email or bulletin board 
27874.27874	  0:  0 *local* + If this had been an actual emergency, you woul
27874.27874	  0:  0 *local* + This concludes this test of the emergency emai
28011   	020430_2029:17 rmailerd.x     0g/SYSV
28011   	ostype=SYSV os=SunOS(5.8)
28011   	rca!dam (David A. Morano)
28011.28011	020430_2029:17 request pid=28011
28011.28011	host=to:      	dmorano@ece.neu.edu
28011.28011	jobid=subject:	test email/posting 2
28011.28011	from=date:           02 Dec 93 12:26:33 PST
28011.28011	recipients 5
28011.28011	  0:  0 *local* + system.  This is only a test.  This test has b
28011.28011	  0:  0 *local* + as a means of testing email or bulletin board 
28011.28011	  0:  0 *local* + If this had been an actual emergency, you woul
28011.28011	  0:  0 *local* + This concludes this test of the emergency emai
28011.28011	standard output
28011.28011	| devised... User unknown
28011.28011	| been... User unknown
28011.28011	| has... User unknown
28011.28011	| test... User unknown
28011.28011	| This... User unknown
28011.28011	| test.... User unknown
28011.28011	| a... User unknown
28011.28011	| only... User unknown
28011.28011	| is... User unknown
28011.28011	| system.... User unknown
28011.28011	| operations.... User unknown
28011.28011	| related... User unknown
28011.28011	| board... User unknown
28011.28011	| bulletin... User unknown
28011.28011	| or... User unknown
28011.28011	| email... User unknown
28011.28011	| testing... User unknown
28011.28011	| of... User unknown
28011.28011	| means... User unknown
28011.28011	| as... User unknown
28011.28011	| you would have been instructed... User unknown
28011.28011	| If this had been an actual emergency... User unknown
28011.28011	| This concludes this test of the emergency email/posting system
28011.28011	| /home/dam/dead.letter... Saved message in /home/dam/dead.lette
28011.28011	  0:  1 as to where to send email (for testing purposes  + ).
28011.28011	standard output
28011.28011	| ).@as to where to send email (for testing purposes ... Unbalan
28011.28011	| ).@as to where to send email (for testing purposes ... Unbalan
28011.28011	| nknown
28011.28011	| only... User unknown
28011.28011	| is... User unknown
28011.28011	| system.... User unknown
28011.28011	| operations.... User unknown
28011.28011	| related... User unknown
28011.28011	| board... User unknown
28011.28011	| bulletin... User unknown
28011.28011	| or... User unknown
28011.28011	| email... User unknown
28011.28011	| testing... User unknown
28011.28011	| of... User unknown
28011.28011	| means... User unknown
28011.28011	| as... User unknown
28011.28011	| you would have been instructed... User unknown
28011.28011	| If this had been an actual emergency... User unknown
28011.28011	| This concludes this test of the emergency email/posting system
28011.28011	| /home/dam/dead.letter... Saved message in /home/dam/dead.lette
28011.28011	020430_2029:19 message   0 len=55
28474   	020430_2036:05 rmailerd.x     0g/SYSV
28474   	ostype=SYSV os=SunOS(5.8)
28474   	rca!dam (David A. Morano)
28474.28474	020430_2036:05 request pid=28474
28474.28474	host=to:      	dmorano@ece.neu.edu
28474.28474	jobid=subject:	test email/posting 2
28474.28474	from=date:           02 Dec 93 12:26:33 PST
28474.28474	recipients 5
28474.28474	  0:  0 *local* + system.  This is only a test.  This test has b
28474.28474	  0:  0 *local* + as a means of testing email or bulletin board 
28474.28474	  0:  0 *local* + If this had been an actual emergency, you woul
28474.28474	  0:  0 *local* + This concludes this test of the emergency emai
28474.28474	standard output
28474.28474	| devised... User unknown
28474.28474	| been... User unknown
28474.28474	| has... User unknown
28474.28474	| test... User unknown
28474.28474	| This... User unknown
28474.28474	| test.... User unknown
28474.28474	| a... User unknown
28474.28474	| only... User unknown
28474.28474	| is... User unknown
28474.28474	| system.... User unknown
28474.28474	| operations.... User unknown
28474.28474	| related... User unknown
28474.28474	| board... User unknown
28474.28474	| bulletin... User unknown
28474.28474	| or... User unknown
28474.28474	| email... User unknown
28474.28474	| testing... User unknown
28474.28474	| of... User unknown
28474.28474	| means... User unknown
28474.28474	| as... User unknown
28474.28474	| you would have been instructed... User unknown
28474.28474	| If this had been an actual emergency... User unknown
28474.28474	| This concludes this test of the emergency email/posting system
28474.28474	| /home/dam/dead.letter... Saved message in /home/dam/dead.lette
28474.28474	  0:  1 as to where to send email (for testing purposes  + ).
28474.28474	standard output
28474.28474	| ).@as to where to send email (for testing purposes ... Unbalan
28474.28474	| ).@as to where to send email (for testing purposes ... Unbalan
28474.28474	| nknown
28474.28474	| only... User unknown
28474.28474	| is... User unknown
28474.28474	| system.... User unknown
28474.28474	| operations.... User unknown
28474.28474	| related... User unknown
28474.28474	| board... User unknown
28474.28474	| bulletin... User unknown
28474.28474	| or... User unknown
28474.28474	| email... User unknown
28474.28474	| testing... User unknown
28474.28474	| of... User unknown
28474.28474	| means... User unknown
28474.28474	| as... User unknown
28474.28474	| you would have been instructed... User unknown
28474.28474	| If this had been an actual emergency... User unknown
28474.28474	| This concludes this test of the emergency email/posting system
28474.28474	| /home/dam/dead.letter... Saved message in /home/dam/dead.lette
28474.28474	020430_2036:06 message   0 len=55
28500   	020430_2036:56 rmailerd.x     0g/SYSV
28500   	ostype=SYSV os=SunOS(5.8)
28500   	rca!dam (David A. Morano)
28500.28500	020430_2036:56 request pid=28500
28500.28500	host=to:      	dmorano@ece.neu.edu
28500.28500	jobid=subject:	test email/posting 2
28500.28500	from=date:           02 Dec 93 12:26:33 PST
28500.28500	recipients 5
28500.28500	  0:  0 *local* + system.  This is only a test.  This test has b
28500.28500	  0:  0 *local* + as a means of testing email or bulletin board 
28500.28500	  0:  0 *local* + If this had been an actual emergency, you woul
28500.28500	  0:  0 *local* + This concludes this test of the emergency emai
28500.28500	standard output
28500.28500	| devised... User unknown
28500.28500	| been... User unknown
28500.28500	| has... User unknown
28500.28500	| test... User unknown
28500.28500	| This... User unknown
28500.28500	| test.... User unknown
28500.28500	| a... User unknown
28500.28500	| only... User unknown
28500.28500	| is... User unknown
28500.28500	| system.... User unknown
28500.28500	| operations.... User unknown
28500.28500	| related... User unknown
28500.28500	| board... User unknown
28500.28500	| bulletin... User unknown
28500.28500	| or... User unknown
28500.28500	| email... User unknown
28500.28500	| testing... User unknown
28500.28500	| of... User unknown
28500.28500	| means... User unknown
28500.28500	| as... User unknown
28500.28500	| you would have been instructed... User unknown
28500.28500	| If this had been an actual emergency... User unknown
28500.28500	| This concludes this test of the emergency email/posting system
28500.28500	| /home/dam/dead.letter... Saved message in /home/dam/dead.lette
28500.28500	  0:  1 as to where to send email (for testing purposes  + ).
28500.28500	standard output
28500.28500	| ).@as to where to send email (for testing purposes ... Unbalan
28500.28500	| ).@as to where to send email (for testing purposes ... Unbalan
28500.28500	| nknown
28500.28500	| only... User unknown
28500.28500	| is... User unknown
28500.28500	| system.... User unknown
28500.28500	| operations.... User unknown
28500.28500	| related... User unknown
28500.28500	| board... User unknown
28500.28500	| bulletin... User unknown
28500.28500	| or... User unknown
28500.28500	| email... User unknown
28500.28500	| testing... User unknown
28500.28500	| of... User unknown
28500.28500	| means... User unknown
28500.28500	| as... User unknown
28500.28500	| you would have been instructed... User unknown
28500.28500	| If this had been an actual emergency... User unknown
28500.28500	| This concludes this test of the emergency email/posting system
28500.28500	| /home/dam/dead.letter... Saved message in /home/dam/dead.lette
28500.28500	020430_2036:57 message   0 len=55
28509   	020430_2037:33 rmailerd.x     0g/SYSV
28509   	ostype=SYSV os=SunOS(5.8)
28509   	rca!dam (David A. Morano)
28509.28509	020430_2037:33 request pid=28509
28509.28509	host=to:      	dmorano@ece.neu.edu
28509.28509	jobid=subject:	test email/posting 2
28509.28509	from=date:           02 Dec 93 12:26:33 PST
28509.28509	recipients 5
28509.28509	  0:  0 *local* + system.  This is only a test.  This test has b
28509.28509	  0:  0 *local* + as a means of testing email or bulletin board 
28509.28509	  0:  0 *local* + If this had been an actual emergency, you woul
28509.28509	  0:  0 *local* + This concludes this test of the emergency emai
28509.28509	standard output
28509.28509	| standard output
28509.28509	standard error 
28509.28509	| standard error
28509.28509	  0:  1 as to where to send email (for testing purposes  + ).
28509.28509	standard output
28509.28509	| standard output
28509.28509	standard error 
28509.28509	| standard error
28509.28509	020430_2037:34 message   0 len=55
4648    	020430_2136:18 rmailerd.x     0g/SYSV
4648    	ostype=SYSV os=SunOS(5.8)
4648    	rca!dam (David A. Morano)
4648.4648	020430_2136:18 request pid=4648
4648.4648	host=to:      	dmorano@ece.neu.edu
4648.4648	jobid=subject:	test email/posting 2
4648.4648	from=date:           02 Dec 93 12:26:33 PST
4648.4648	recipients 5
4648.4648	  0:  0 *local* + system.  This is only a test.  This test has b
4648.4648	  0:  0 *local* + as a means of testing email or bulletin board 
4648.4648	  0:  0 *local* + If this had been an actual emergency, you woul
4648.4648	  0:  0 *local* + This concludes this test of the emergency emai
4648.4648	standard output
4648.4648	| standard output
4648.4648	standard error 
4648.4648	| standard error
4648.4648	  0:  1 as to where to send email (for testing purposes  + ).
4648.4648	standard output
4648.4648	| standard output
4648.4648	standard error 
4648.4648	| standard error
4648.4648	020430_2136:19 message   0 len=55
5085    	020430_2140:56 rmailerd.x     0g/SYSV
5085    	ostype=SYSV os=SunOS(5.8)
5085    	rca!dam (David A. Morano)
5085.5085	020430_2140:56 request pid=5085
5085.5085	host=to:      	dmorano@ece.neu.edu
5085.5085	jobid=subject:	test email/posting 2
5085.5085	from=date:           02 Dec 93 12:26:33 PST
5085.5085	recipients 5
5085.5085	  0:  0 *local* + system.  This is only a test.  This test has b
5085.5085	  0:  0 *local* + as a means of testing email or bulletin board 
5085.5085	  0:  0 *local* + If this had been an actual emergency, you woul
5085.5085	  0:  0 *local* + This concludes this test of the emergency emai
5085.5085	standard output
5085.5085	| standard output
5085.5085	standard error 
5085.5085	| standard error
5085.5085	  0:  1 as to where to send email (for testing purposes  + ).
5085.5085	standard output
5085.5085	| standard output
5085.5085	standard error 
5085.5085	| standard error
5085.5085	020430_2140:57 message   0 len=55
5216    	020430_2144:45 rmailerd.x     0g/SYSV
5216    	ostype=SYSV os=SunOS(5.8)
5216    	rca!dam (David A. Morano)
5216.5216	020430_2144:45 request pid=5216
5216.5216	host=to:      	dmorano@ece.neu.edu
5216.5216	jobid=subject:	test email/posting 2
5216.5216	from=date:           02 Dec 93 12:26:33 PST
5216.5216	recipients 5
5216.5216	  0:  0 *local* + system.  This is only a test.  This test has b
5216.5216	  0:  0 *local* + as a means of testing email or bulletin board 
5216.5216	  0:  0 *local* + If this had been an actual emergency, you woul
5216.5216	  0:  0 *local* + This concludes this test of the emergency emai
5216.5216	standard output
5216.5216	| standard output
5216.5216	standard error 
5216.5216	| standard error
5216.5216	  0:  1 as to where to send email (for testing purposes  + ).
5216.5216	standard output
5216.5216	| standard output
5216.5216	standard error 
5216.5216	| standard error
5216.5216	020430_2144:45 message   0 len=55
5361    	020430_2148:15 rmailerd.x     0g/SYSV
5361    	ostype=SYSV os=SunOS(5.8)
5361    	rca!dam (David A. Morano)
5361.5361	020430_2148:15 request pid=5361
5361.5361	host=to:      	dmorano@ece.neu.edu
5361.5361	jobid=subject:	test email/posting 2
5361.5361	from=date:           02 Dec 93 12:26:33 PST
5361.5361	recipients 5
5361.5361	  0:  0 *local* + system.  This is only a test.  This test has b
5361.5361	  0:  0 *local* + as a means of testing email or bulletin board 
5361.5361	  0:  0 *local* + If this had been an actual emergency, you woul
5361.5361	  0:  0 *local* + This concludes this test of the emergency emai
5361.5361	standard output
5361.5361	| standard output
5361.5361	standard error 
5361.5361	| standard error
5361.5361	  0:  1 as to where to send email (for testing purposes  + ).
5361.5361	standard output
5361.5361	| standard output
5361.5361	standard error 
5361.5361	| standard error
5361.5361	020430_2148:16 message   0 len=55
5379    	020430_2149:16 rmailerd.x     0g/SYSV
5379    	ostype=SYSV os=SunOS(5.8)
5379    	rca!dam (David A. Morano)
5379.5379	020430_2149:16 request pid=5379
5379.5379	host=levo.rightcore.com
5379.5379	jobid=rca_AAAPM6+QAA
5379.5379	from=morano@ele.uri.edu
5379.5379	recipients 1
5379.5379	  0:  0 *local* + morano
5379.5379	standard output
5379.5379	| standard output
5379.5379	standard error 
5379.5379	| standard error
5379.5379	020430_2149:16 message   0 cksum=\x852872dd len=578
5536    	020430_2150:26 rmailerd.x     0g/SYSV
5536    	ostype=SYSV os=SunOS(5.8)
5536    	rca!dam (David A. Morano)
5536.5536	020430_2150:26 request pid=5536
5536.5536	host=levo.rightcore.com
5536.5536	jobid=rca_AAAPM6+QAA
5536.5536	from=morano@ele.uri.edu
5536.5536	recipients 1
5536.5536	  0:  0 *local* + morano
5536.5536	standard output
5536.5536	| standard output
5536.5536	standard error 
5536.5536	| standard error
5536.5536	020430_2150:26 message   0 cksum=\x852872dd len=578
5718    	020430_2158:07 rmailerd.x     0g/SYSV
5718    	ostype=SYSV os=SunOS(5.8)
5718    	rca!dam (David A. Morano)
5718.5718	020430_2158:07 request pid=5718
5718.5718	host=levo.rightcore.com
5718.5718	jobid=rca_AAAPM6+QAA
5718.5718	from=morano@ele.uri.edu
5718.5718	recipients 1
5718.5718	  0:  0 *local* + morano
5718.5718	standard output
5718.5718	| standard output
5718.5718	standard error 
5718.5718	| standard error
5718.5718	020430_2158:07 message   0 cksum=\x852872dd len=578
5725    	020430_2158:14 rmailerd.x     0g/SYSV
5725    	ostype=SYSV os=SunOS(5.8)
5725    	rca!dam (David A. Morano)
5725.5725	020430_2158:15 request pid=5725
5725.5725	host=levo.rightcore.com
5725.5725	jobid=rca_AAAPM6+QAA
5725.5725	from=morano@ele.uri.edu
5725.5725	recipients 1
5725.5725	  0:  0 *local* + morano
5725.5725	standard output
5725.5725	| standard output
5725.5725	standard error 
5725.5725	| standard error
5725.5725	020430_2158:15 message   0 cksum=\x852872dd len=578
5733    	020430_2158:23 rmailerd.x     0g/SYSV
5733    	ostype=SYSV os=SunOS(5.8)
5733    	rca!dam (David A. Morano)
5733.5733	020430_2158:23 request pid=5733
6449    	020430_2200:38 rmailerd.x     0g/SYSV
6449    	ostype=SYSV os=SunOS(5.8)
6449    	rca!dam (David A. Morano)
6449.6449	020430_2200:38 request pid=6449
6449.6449	bad magic=>from:    	PCS_<
6792    	020430_2202:02 rmailerd.x     0g/SYSV
6792    	ostype=SYSV os=SunOS(5.8)
6792    	rca!dam (David A. Morano)
6792.6792	020430_2202:02 request pid=6792
6792.6792	host=levo.rightcore.com
6792.6792	jobid=rca_AAAPM6+QAA
6792.6792	from=morano@ele.uri.edu
6792.6792	recipients 1
6792.6792	  0:  0 *local* + morano
6792.6792	standard output
6792.6792	| standard output
6792.6792	standard error 
6792.6792	| standard error
6792.6792	020430_2202:02 message   0 cksum=\x852872dd len=578
6845    	020430_2202:10 rmailerd.x     0g/SYSV
6845    	ostype=SYSV os=SunOS(5.8)
6845    	rca!dam (David A. Morano)
6845.6845	020430_2202:10 request pid=6845
6845.6845	host=levo.rightcore.com
6845.6845	jobid=rca_AAAPM6+QAA
6845.6845	from=morano@ele.uri.edu
6845.6845	recipients 1
6845.6845	  0:  0 *local* + morano
6845.6845	standard output
6845.6845	| standard output
6845.6845	standard error 
6845.6845	| standard error
6845.6845	020430_2202:10 message   0 cksum=\x852872dd len=578
